<?xml version="1.0" encoding="UTF-8"?>
<!-- Generated by org.testng.reporters.JUnitReportReporter -->
<testsuite hostname="DESKTOP-2P46F12" failures="0" tests="1" name="com.Capium.TestRunFiles.Bookkepping_Contacts_runfile" time="83.887" errors="0" timestamp="2025-08-26T16:57:41 IST" skipped="0">
  <testcase classname="com.Capium.TestRunFiles.Bookkepping_Contacts_runfile" name="runScenario" time="83.887"/>
</testsuite> <!-- com.Capium.TestRunFiles.Bookkepping_Contacts_runfile -->
