<?xml version="1.0" encoding="UTF-8"?>
<!-- Generated by org.testng.reporters.JUnitReportReporter -->
<testsuite hostname="DESKTOP-2P46F12" failures="0" tests="1" name="com.Capium.TestRunFiles.LoginRunner" time="88.378" errors="0" timestamp="2025-09-24T13:05:45 IST" skipped="0">
  <testcase classname="com.Capium.TestRunFiles.LoginRunner" name="runScenario" time="88.378"/>
</testsuite> <!-- com.Capium.TestRunFiles.LoginRunner -->
