<?xml version="1.0" encoding="UTF-8"?>
<!-- Generated by org.testng.reporters.JUnitReportReporter -->
<testsuite hostname="DESKTOP-2P46F12" failures="0" tests="9" name="com.Capium.TestRunFiles.Bookkepping_Inventory_runnerfile" time="0.764" errors="9" timestamp="2025-09-23T13:29:52 IST" skipped="0">
  <testcase classname="com.Capium.TestRunFiles.Bookkepping_Inventory_runnerfile" name="runScenario" time="0.031">
    <error message="The step &#039;Launch the browser&#039; and 7 other step(s) are undefined.
You can implement these steps using the snippet(s) below:

@Given(&quot;Launch the browser&quot;)
public void launch_the_browser() {
    // Write code here that turns the phrase above into concrete actions
    throw new io.cucumber.java.PendingException();
}
@Given(&quot;User need to enter the Application Url&quot;)
public void user_need_to_enter_the_application_url() {
    // Write code here that turns the phrase above into concrete actions
    throw new io.cucumber.java.PendingException();
}
@When(&quot;User Enter username and Password&quot;)
public void user_enter_username_and_password() {
    // Write code here that turns the phrase above into concrete actions
    throw new io.cucumber.java.PendingException();
}
@Then(&quot;User Click on login button&quot;)
public void user_click_on_login_button() {
    // Write code here that turns the phrase above into concrete actions
    throw new io.cucumber.java.PendingException();
}
@Then(&quot;redirect to Bookkeeping module&quot;)
public void redirect_to_bookkeeping_module() {
    // Write code here that turns the phrase above into concrete actions
    throw new io.cucumber.java.PendingException();
}
@Given(&quot;Click on inventory and validate&quot;)
public void click_on_inventory_and_validate() {
    // Write code here that turns the phrase above into concrete actions
    throw new io.cucumber.java.PendingException();
}
@Given(&quot;Click on loss of stock and validate&quot;)
public void click_on_loss_of_stock_and_validate() {
    // Write code here that turns the phrase above into concrete actions
    throw new io.cucumber.java.PendingException();
}
@When(&quot;Click on delete in loss of stock and validate&quot;)
public void click_on_delete_in_loss_of_stock_and_validate() {
    // Write code here that turns the phrase above into concrete actions
    throw new io.cucumber.java.PendingException();
}
" type="io.cucumber.testng.UndefinedStepException">
      <![CDATA[io.cucumber.testng.UndefinedStepException: The step 'Launch the browser' and 7 other step(s) are undefined.
You can implement these steps using the snippet(s) below:

@Given("Launch the browser")
public void launch_the_browser() {
    // Write code here that turns the phrase above into concrete actions
    throw new io.cucumber.java.PendingException();
}
@Given("User need to enter the Application Url")
public void user_need_to_enter_the_application_url() {
    // Write code here that turns the phrase above into concrete actions
    throw new io.cucumber.java.PendingException();
}
@When("User Enter username and Password")
public void user_enter_username_and_password() {
    // Write code here that turns the phrase above into concrete actions
    throw new io.cucumber.java.PendingException();
}
@Then("User Click on login button")
public void user_click_on_login_button() {
    // Write code here that turns the phrase above into concrete actions
    throw new io.cucumber.java.PendingException();
}
@Then("redirect to Bookkeeping module")
public void redirect_to_bookkeeping_module() {
    // Write code here that turns the phrase above into concrete actions
    throw new io.cucumber.java.PendingException();
}
@Given("Click on inventory and validate")
public void click_on_inventory_and_validate() {
    // Write code here that turns the phrase above into concrete actions
    throw new io.cucumber.java.PendingException();
}
@Given("Click on loss of stock and validate")
public void click_on_loss_of_stock_and_validate() {
    // Write code here that turns the phrase above into concrete actions
    throw new io.cucumber.java.PendingException();
}
@When("Click on delete in loss of stock and validate")
public void click_on_delete_in_loss_of_stock_and_validate() {
    // Write code here that turns the phrase above into concrete actions
    throw new io.cucumber.java.PendingException();
}

at ✽.Launch the browser(file:///D:/Bookkeeping_5.0/Bookkeeping_5.0/Bookkeeping_5.0/src/test/resources/Feature_CapiumPurchase/BK_Inventory.feature:4)
]]>
    </error>
  </testcase> <!-- runScenario -->
  <testcase classname="com.Capium.TestRunFiles.Bookkepping_Inventory_runnerfile" name="runScenario" time="0.029">
    <error message="The step &#039;Launch the browser&#039; and 7 other step(s) are undefined.
You can implement these steps using the snippet(s) below:

@Given(&quot;Launch the browser&quot;)
public void launch_the_browser() {
    // Write code here that turns the phrase above into concrete actions
    throw new io.cucumber.java.PendingException();
}
@Given(&quot;User need to enter the Application Url&quot;)
public void user_need_to_enter_the_application_url() {
    // Write code here that turns the phrase above into concrete actions
    throw new io.cucumber.java.PendingException();
}
@When(&quot;User Enter username and Password&quot;)
public void user_enter_username_and_password() {
    // Write code here that turns the phrase above into concrete actions
    throw new io.cucumber.java.PendingException();
}
@Then(&quot;User Click on login button&quot;)
public void user_click_on_login_button() {
    // Write code here that turns the phrase above into concrete actions
    throw new io.cucumber.java.PendingException();
}
@Then(&quot;redirect to Bookkeeping module&quot;)
public void redirect_to_bookkeeping_module() {
    // Write code here that turns the phrase above into concrete actions
    throw new io.cucumber.java.PendingException();
}
@Given(&quot;Click on inventory and validate&quot;)
public void click_on_inventory_and_validate() {
    // Write code here that turns the phrase above into concrete actions
    throw new io.cucumber.java.PendingException();
}
@Given(&quot;Click on loss of stock and validate&quot;)
public void click_on_loss_of_stock_and_validate() {
    // Write code here that turns the phrase above into concrete actions
    throw new io.cucumber.java.PendingException();
}
@When(&quot;Click on add new line in loss of stock and validate&quot;)
public void click_on_add_new_line_in_loss_of_stock_and_validate() {
    // Write code here that turns the phrase above into concrete actions
    throw new io.cucumber.java.PendingException();
}
" type="io.cucumber.testng.UndefinedStepException">
      <![CDATA[io.cucumber.testng.UndefinedStepException: The step 'Launch the browser' and 7 other step(s) are undefined.
You can implement these steps using the snippet(s) below:

@Given("Launch the browser")
public void launch_the_browser() {
    // Write code here that turns the phrase above into concrete actions
    throw new io.cucumber.java.PendingException();
}
@Given("User need to enter the Application Url")
public void user_need_to_enter_the_application_url() {
    // Write code here that turns the phrase above into concrete actions
    throw new io.cucumber.java.PendingException();
}
@When("User Enter username and Password")
public void user_enter_username_and_password() {
    // Write code here that turns the phrase above into concrete actions
    throw new io.cucumber.java.PendingException();
}
@Then("User Click on login button")
public void user_click_on_login_button() {
    // Write code here that turns the phrase above into concrete actions
    throw new io.cucumber.java.PendingException();
}
@Then("redirect to Bookkeeping module")
public void redirect_to_bookkeeping_module() {
    // Write code here that turns the phrase above into concrete actions
    throw new io.cucumber.java.PendingException();
}
@Given("Click on inventory and validate")
public void click_on_inventory_and_validate() {
    // Write code here that turns the phrase above into concrete actions
    throw new io.cucumber.java.PendingException();
}
@Given("Click on loss of stock and validate")
public void click_on_loss_of_stock_and_validate() {
    // Write code here that turns the phrase above into concrete actions
    throw new io.cucumber.java.PendingException();
}
@When("Click on add new line in loss of stock and validate")
public void click_on_add_new_line_in_loss_of_stock_and_validate() {
    // Write code here that turns the phrase above into concrete actions
    throw new io.cucumber.java.PendingException();
}

at ✽.Launch the browser(file:///D:/Bookkeeping_5.0/Bookkeeping_5.0/Bookkeeping_5.0/src/test/resources/Feature_CapiumPurchase/BK_Inventory.feature:4)
]]>
    </error>
  </testcase> <!-- runScenario -->
  <testcase classname="com.Capium.TestRunFiles.Bookkepping_Inventory_runnerfile" name="runScenario" time="0.015">
    <error message="The step &#039;Launch the browser&#039; and 7 other step(s) are undefined.
You can implement these steps using the snippet(s) below:

@Given(&quot;Launch the browser&quot;)
public void launch_the_browser() {
    // Write code here that turns the phrase above into concrete actions
    throw new io.cucumber.java.PendingException();
}
@Given(&quot;User need to enter the Application Url&quot;)
public void user_need_to_enter_the_application_url() {
    // Write code here that turns the phrase above into concrete actions
    throw new io.cucumber.java.PendingException();
}
@When(&quot;User Enter username and Password&quot;)
public void user_enter_username_and_password() {
    // Write code here that turns the phrase above into concrete actions
    throw new io.cucumber.java.PendingException();
}
@Then(&quot;User Click on login button&quot;)
public void user_click_on_login_button() {
    // Write code here that turns the phrase above into concrete actions
    throw new io.cucumber.java.PendingException();
}
@Then(&quot;redirect to Bookkeeping module&quot;)
public void redirect_to_bookkeeping_module() {
    // Write code here that turns the phrase above into concrete actions
    throw new io.cucumber.java.PendingException();
}
@Given(&quot;Click on inventory and validate&quot;)
public void click_on_inventory_and_validate() {
    // Write code here that turns the phrase above into concrete actions
    throw new io.cucumber.java.PendingException();
}
@Given(&quot;Click on loss of stock and validate&quot;)
public void click_on_loss_of_stock_and_validate() {
    // Write code here that turns the phrase above into concrete actions
    throw new io.cucumber.java.PendingException();
}
@When(&quot;Enter mandatory fields in inventory&quot;)
public void enter_mandatory_fields_in_inventory() {
    // Write code here that turns the phrase above into concrete actions
    throw new io.cucumber.java.PendingException();
}
" type="io.cucumber.testng.UndefinedStepException">
      <![CDATA[io.cucumber.testng.UndefinedStepException: The step 'Launch the browser' and 7 other step(s) are undefined.
You can implement these steps using the snippet(s) below:

@Given("Launch the browser")
public void launch_the_browser() {
    // Write code here that turns the phrase above into concrete actions
    throw new io.cucumber.java.PendingException();
}
@Given("User need to enter the Application Url")
public void user_need_to_enter_the_application_url() {
    // Write code here that turns the phrase above into concrete actions
    throw new io.cucumber.java.PendingException();
}
@When("User Enter username and Password")
public void user_enter_username_and_password() {
    // Write code here that turns the phrase above into concrete actions
    throw new io.cucumber.java.PendingException();
}
@Then("User Click on login button")
public void user_click_on_login_button() {
    // Write code here that turns the phrase above into concrete actions
    throw new io.cucumber.java.PendingException();
}
@Then("redirect to Bookkeeping module")
public void redirect_to_bookkeeping_module() {
    // Write code here that turns the phrase above into concrete actions
    throw new io.cucumber.java.PendingException();
}
@Given("Click on inventory and validate")
public void click_on_inventory_and_validate() {
    // Write code here that turns the phrase above into concrete actions
    throw new io.cucumber.java.PendingException();
}
@Given("Click on loss of stock and validate")
public void click_on_loss_of_stock_and_validate() {
    // Write code here that turns the phrase above into concrete actions
    throw new io.cucumber.java.PendingException();
}
@When("Enter mandatory fields in inventory")
public void enter_mandatory_fields_in_inventory() {
    // Write code here that turns the phrase above into concrete actions
    throw new io.cucumber.java.PendingException();
}

at ✽.Launch the browser(file:///D:/Bookkeeping_5.0/Bookkeeping_5.0/Bookkeeping_5.0/src/test/resources/Feature_CapiumPurchase/BK_Inventory.feature:4)
]]>
    </error>
  </testcase> <!-- runScenario -->
  <testcase classname="com.Capium.TestRunFiles.Bookkepping_Inventory_runnerfile" name="runScenario" time="0.026">
    <error message="The step &#039;Launch the browser&#039; and 7 other step(s) are undefined.
You can implement these steps using the snippet(s) below:

@Given(&quot;Launch the browser&quot;)
public void launch_the_browser() {
    // Write code here that turns the phrase above into concrete actions
    throw new io.cucumber.java.PendingException();
}
@Given(&quot;User need to enter the Application Url&quot;)
public void user_need_to_enter_the_application_url() {
    // Write code here that turns the phrase above into concrete actions
    throw new io.cucumber.java.PendingException();
}
@When(&quot;User Enter username and Password&quot;)
public void user_enter_username_and_password() {
    // Write code here that turns the phrase above into concrete actions
    throw new io.cucumber.java.PendingException();
}
@Then(&quot;User Click on login button&quot;)
public void user_click_on_login_button() {
    // Write code here that turns the phrase above into concrete actions
    throw new io.cucumber.java.PendingException();
}
@Then(&quot;redirect to Bookkeeping module&quot;)
public void redirect_to_bookkeeping_module() {
    // Write code here that turns the phrase above into concrete actions
    throw new io.cucumber.java.PendingException();
}
@Given(&quot;Click on inventory and validate&quot;)
public void click_on_inventory_and_validate() {
    // Write code here that turns the phrase above into concrete actions
    throw new io.cucumber.java.PendingException();
}
@Given(&quot;Click on loss of stock and validate&quot;)
public void click_on_loss_of_stock_and_validate() {
    // Write code here that turns the phrase above into concrete actions
    throw new io.cucumber.java.PendingException();
}
@When(&quot;Enter non mandatory fields in inventory&quot;)
public void enter_non_mandatory_fields_in_inventory() {
    // Write code here that turns the phrase above into concrete actions
    throw new io.cucumber.java.PendingException();
}
" type="io.cucumber.testng.UndefinedStepException">
      <![CDATA[io.cucumber.testng.UndefinedStepException: The step 'Launch the browser' and 7 other step(s) are undefined.
You can implement these steps using the snippet(s) below:

@Given("Launch the browser")
public void launch_the_browser() {
    // Write code here that turns the phrase above into concrete actions
    throw new io.cucumber.java.PendingException();
}
@Given("User need to enter the Application Url")
public void user_need_to_enter_the_application_url() {
    // Write code here that turns the phrase above into concrete actions
    throw new io.cucumber.java.PendingException();
}
@When("User Enter username and Password")
public void user_enter_username_and_password() {
    // Write code here that turns the phrase above into concrete actions
    throw new io.cucumber.java.PendingException();
}
@Then("User Click on login button")
public void user_click_on_login_button() {
    // Write code here that turns the phrase above into concrete actions
    throw new io.cucumber.java.PendingException();
}
@Then("redirect to Bookkeeping module")
public void redirect_to_bookkeeping_module() {
    // Write code here that turns the phrase above into concrete actions
    throw new io.cucumber.java.PendingException();
}
@Given("Click on inventory and validate")
public void click_on_inventory_and_validate() {
    // Write code here that turns the phrase above into concrete actions
    throw new io.cucumber.java.PendingException();
}
@Given("Click on loss of stock and validate")
public void click_on_loss_of_stock_and_validate() {
    // Write code here that turns the phrase above into concrete actions
    throw new io.cucumber.java.PendingException();
}
@When("Enter non mandatory fields in inventory")
public void enter_non_mandatory_fields_in_inventory() {
    // Write code here that turns the phrase above into concrete actions
    throw new io.cucumber.java.PendingException();
}

at ✽.Launch the browser(file:///D:/Bookkeeping_5.0/Bookkeeping_5.0/Bookkeeping_5.0/src/test/resources/Feature_CapiumPurchase/BK_Inventory.feature:4)
]]>
    </error>
  </testcase> <!-- runScenario -->
  <testcase classname="com.Capium.TestRunFiles.Bookkepping_Inventory_runnerfile" name="runScenario" time="0.012">
    <error message="The step &#039;Launch the browser&#039; and 7 other step(s) are undefined.
You can implement these steps using the snippet(s) below:

@Given(&quot;Launch the browser&quot;)
public void launch_the_browser() {
    // Write code here that turns the phrase above into concrete actions
    throw new io.cucumber.java.PendingException();
}
@Given(&quot;User need to enter the Application Url&quot;)
public void user_need_to_enter_the_application_url() {
    // Write code here that turns the phrase above into concrete actions
    throw new io.cucumber.java.PendingException();
}
@When(&quot;User Enter username and Password&quot;)
public void user_enter_username_and_password() {
    // Write code here that turns the phrase above into concrete actions
    throw new io.cucumber.java.PendingException();
}
@Then(&quot;User Click on login button&quot;)
public void user_click_on_login_button() {
    // Write code here that turns the phrase above into concrete actions
    throw new io.cucumber.java.PendingException();
}
@Then(&quot;redirect to Bookkeeping module&quot;)
public void redirect_to_bookkeeping_module() {
    // Write code here that turns the phrase above into concrete actions
    throw new io.cucumber.java.PendingException();
}
@Given(&quot;Click on inventory and validate&quot;)
public void click_on_inventory_and_validate() {
    // Write code here that turns the phrase above into concrete actions
    throw new io.cucumber.java.PendingException();
}
@Given(&quot;Click on loss of stock and validate&quot;)
public void click_on_loss_of_stock_and_validate() {
    // Write code here that turns the phrase above into concrete actions
    throw new io.cucumber.java.PendingException();
}
@When(&quot;Click on cancel in loss of stock and validate&quot;)
public void click_on_cancel_in_loss_of_stock_and_validate() {
    // Write code here that turns the phrase above into concrete actions
    throw new io.cucumber.java.PendingException();
}
" type="io.cucumber.testng.UndefinedStepException">
      <![CDATA[io.cucumber.testng.UndefinedStepException: The step 'Launch the browser' and 7 other step(s) are undefined.
You can implement these steps using the snippet(s) below:

@Given("Launch the browser")
public void launch_the_browser() {
    // Write code here that turns the phrase above into concrete actions
    throw new io.cucumber.java.PendingException();
}
@Given("User need to enter the Application Url")
public void user_need_to_enter_the_application_url() {
    // Write code here that turns the phrase above into concrete actions
    throw new io.cucumber.java.PendingException();
}
@When("User Enter username and Password")
public void user_enter_username_and_password() {
    // Write code here that turns the phrase above into concrete actions
    throw new io.cucumber.java.PendingException();
}
@Then("User Click on login button")
public void user_click_on_login_button() {
    // Write code here that turns the phrase above into concrete actions
    throw new io.cucumber.java.PendingException();
}
@Then("redirect to Bookkeeping module")
public void redirect_to_bookkeeping_module() {
    // Write code here that turns the phrase above into concrete actions
    throw new io.cucumber.java.PendingException();
}
@Given("Click on inventory and validate")
public void click_on_inventory_and_validate() {
    // Write code here that turns the phrase above into concrete actions
    throw new io.cucumber.java.PendingException();
}
@Given("Click on loss of stock and validate")
public void click_on_loss_of_stock_and_validate() {
    // Write code here that turns the phrase above into concrete actions
    throw new io.cucumber.java.PendingException();
}
@When("Click on cancel in loss of stock and validate")
public void click_on_cancel_in_loss_of_stock_and_validate() {
    // Write code here that turns the phrase above into concrete actions
    throw new io.cucumber.java.PendingException();
}

at ✽.Launch the browser(file:///D:/Bookkeeping_5.0/Bookkeeping_5.0/Bookkeeping_5.0/src/test/resources/Feature_CapiumPurchase/BK_Inventory.feature:4)
]]>
    </error>
  </testcase> <!-- runScenario -->
  <testcase classname="com.Capium.TestRunFiles.Bookkepping_Inventory_runnerfile" name="runScenario" time="0.023">
    <error message="The step &#039;Launch the browser&#039; and 7 other step(s) are undefined.
You can implement these steps using the snippet(s) below:

@Given(&quot;Launch the browser&quot;)
public void launch_the_browser() {
    // Write code here that turns the phrase above into concrete actions
    throw new io.cucumber.java.PendingException();
}
@Given(&quot;User need to enter the Application Url&quot;)
public void user_need_to_enter_the_application_url() {
    // Write code here that turns the phrase above into concrete actions
    throw new io.cucumber.java.PendingException();
}
@When(&quot;User Enter username and Password&quot;)
public void user_enter_username_and_password() {
    // Write code here that turns the phrase above into concrete actions
    throw new io.cucumber.java.PendingException();
}
@Then(&quot;User Click on login button&quot;)
public void user_click_on_login_button() {
    // Write code here that turns the phrase above into concrete actions
    throw new io.cucumber.java.PendingException();
}
@Then(&quot;redirect to Bookkeeping module&quot;)
public void redirect_to_bookkeeping_module() {
    // Write code here that turns the phrase above into concrete actions
    throw new io.cucumber.java.PendingException();
}
@Given(&quot;Click on inventory and validate&quot;)
public void click_on_inventory_and_validate() {
    // Write code here that turns the phrase above into concrete actions
    throw new io.cucumber.java.PendingException();
}
@Given(&quot;Click on loss of stock and validate&quot;)
public void click_on_loss_of_stock_and_validate() {
    // Write code here that turns the phrase above into concrete actions
    throw new io.cucumber.java.PendingException();
}
@When(&quot;Click on clear all lines in loss of stock and validate&quot;)
public void click_on_clear_all_lines_in_loss_of_stock_and_validate() {
    // Write code here that turns the phrase above into concrete actions
    throw new io.cucumber.java.PendingException();
}
" type="io.cucumber.testng.UndefinedStepException">
      <![CDATA[io.cucumber.testng.UndefinedStepException: The step 'Launch the browser' and 7 other step(s) are undefined.
You can implement these steps using the snippet(s) below:

@Given("Launch the browser")
public void launch_the_browser() {
    // Write code here that turns the phrase above into concrete actions
    throw new io.cucumber.java.PendingException();
}
@Given("User need to enter the Application Url")
public void user_need_to_enter_the_application_url() {
    // Write code here that turns the phrase above into concrete actions
    throw new io.cucumber.java.PendingException();
}
@When("User Enter username and Password")
public void user_enter_username_and_password() {
    // Write code here that turns the phrase above into concrete actions
    throw new io.cucumber.java.PendingException();
}
@Then("User Click on login button")
public void user_click_on_login_button() {
    // Write code here that turns the phrase above into concrete actions
    throw new io.cucumber.java.PendingException();
}
@Then("redirect to Bookkeeping module")
public void redirect_to_bookkeeping_module() {
    // Write code here that turns the phrase above into concrete actions
    throw new io.cucumber.java.PendingException();
}
@Given("Click on inventory and validate")
public void click_on_inventory_and_validate() {
    // Write code here that turns the phrase above into concrete actions
    throw new io.cucumber.java.PendingException();
}
@Given("Click on loss of stock and validate")
public void click_on_loss_of_stock_and_validate() {
    // Write code here that turns the phrase above into concrete actions
    throw new io.cucumber.java.PendingException();
}
@When("Click on clear all lines in loss of stock and validate")
public void click_on_clear_all_lines_in_loss_of_stock_and_validate() {
    // Write code here that turns the phrase above into concrete actions
    throw new io.cucumber.java.PendingException();
}

at ✽.Launch the browser(file:///D:/Bookkeeping_5.0/Bookkeeping_5.0/Bookkeeping_5.0/src/test/resources/Feature_CapiumPurchase/BK_Inventory.feature:4)
]]>
    </error>
  </testcase> <!-- runScenario -->
  <testcase classname="com.Capium.TestRunFiles.Bookkepping_Inventory_runnerfile" name="runScenario" time="0.019">
    <error message="The step &#039;Launch the browser&#039; and 7 other step(s) are undefined.
You can implement these steps using the snippet(s) below:

@Given(&quot;Launch the browser&quot;)
public void launch_the_browser() {
    // Write code here that turns the phrase above into concrete actions
    throw new io.cucumber.java.PendingException();
}
@Given(&quot;User need to enter the Application Url&quot;)
public void user_need_to_enter_the_application_url() {
    // Write code here that turns the phrase above into concrete actions
    throw new io.cucumber.java.PendingException();
}
@When(&quot;User Enter username and Password&quot;)
public void user_enter_username_and_password() {
    // Write code here that turns the phrase above into concrete actions
    throw new io.cucumber.java.PendingException();
}
@Then(&quot;User Click on login button&quot;)
public void user_click_on_login_button() {
    // Write code here that turns the phrase above into concrete actions
    throw new io.cucumber.java.PendingException();
}
@Then(&quot;redirect to Bookkeeping module&quot;)
public void redirect_to_bookkeeping_module() {
    // Write code here that turns the phrase above into concrete actions
    throw new io.cucumber.java.PendingException();
}
@Given(&quot;Click on inventory and validate&quot;)
public void click_on_inventory_and_validate() {
    // Write code here that turns the phrase above into concrete actions
    throw new io.cucumber.java.PendingException();
}
@Given(&quot;Click on loss of stock and validate&quot;)
public void click_on_loss_of_stock_and_validate() {
    // Write code here that turns the phrase above into concrete actions
    throw new io.cucumber.java.PendingException();
}
@When(&quot;Click on accounts in inventory and validate&quot;)
public void click_on_accounts_in_inventory_and_validate() {
    // Write code here that turns the phrase above into concrete actions
    throw new io.cucumber.java.PendingException();
}
" type="io.cucumber.testng.UndefinedStepException">
      <![CDATA[io.cucumber.testng.UndefinedStepException: The step 'Launch the browser' and 7 other step(s) are undefined.
You can implement these steps using the snippet(s) below:

@Given("Launch the browser")
public void launch_the_browser() {
    // Write code here that turns the phrase above into concrete actions
    throw new io.cucumber.java.PendingException();
}
@Given("User need to enter the Application Url")
public void user_need_to_enter_the_application_url() {
    // Write code here that turns the phrase above into concrete actions
    throw new io.cucumber.java.PendingException();
}
@When("User Enter username and Password")
public void user_enter_username_and_password() {
    // Write code here that turns the phrase above into concrete actions
    throw new io.cucumber.java.PendingException();
}
@Then("User Click on login button")
public void user_click_on_login_button() {
    // Write code here that turns the phrase above into concrete actions
    throw new io.cucumber.java.PendingException();
}
@Then("redirect to Bookkeeping module")
public void redirect_to_bookkeeping_module() {
    // Write code here that turns the phrase above into concrete actions
    throw new io.cucumber.java.PendingException();
}
@Given("Click on inventory and validate")
public void click_on_inventory_and_validate() {
    // Write code here that turns the phrase above into concrete actions
    throw new io.cucumber.java.PendingException();
}
@Given("Click on loss of stock and validate")
public void click_on_loss_of_stock_and_validate() {
    // Write code here that turns the phrase above into concrete actions
    throw new io.cucumber.java.PendingException();
}
@When("Click on accounts in inventory and validate")
public void click_on_accounts_in_inventory_and_validate() {
    // Write code here that turns the phrase above into concrete actions
    throw new io.cucumber.java.PendingException();
}

at ✽.Launch the browser(file:///D:/Bookkeeping_5.0/Bookkeeping_5.0/Bookkeeping_5.0/src/test/resources/Feature_CapiumPurchase/BK_Inventory.feature:4)
]]>
    </error>
  </testcase> <!-- runScenario -->
  <testcase classname="com.Capium.TestRunFiles.Bookkepping_Inventory_runnerfile" name="runScenario" time="0.570">
    <error message="The step &#039;Launch the browser&#039; and 6 other step(s) are undefined.
You can implement these steps using the snippet(s) below:

@Given(&quot;Launch the browser&quot;)
public void launch_the_browser() {
    // Write code here that turns the phrase above into concrete actions
    throw new io.cucumber.java.PendingException();
}
@Given(&quot;User need to enter the Application Url&quot;)
public void user_need_to_enter_the_application_url() {
    // Write code here that turns the phrase above into concrete actions
    throw new io.cucumber.java.PendingException();
}
@When(&quot;User Enter username and Password&quot;)
public void user_enter_username_and_password() {
    // Write code here that turns the phrase above into concrete actions
    throw new io.cucumber.java.PendingException();
}
@Then(&quot;User Click on login button&quot;)
public void user_click_on_login_button() {
    // Write code here that turns the phrase above into concrete actions
    throw new io.cucumber.java.PendingException();
}
@Then(&quot;redirect to Bookkeeping module&quot;)
public void redirect_to_bookkeeping_module() {
    // Write code here that turns the phrase above into concrete actions
    throw new io.cucumber.java.PendingException();
}
@Given(&quot;Click on product&quot;)
public void click_on_product() {
    // Write code here that turns the phrase above into concrete actions
    throw new io.cucumber.java.PendingException();
}
@Given(&quot;Click on inventory and validate&quot;)
public void click_on_inventory_and_validate() {
    // Write code here that turns the phrase above into concrete actions
    throw new io.cucumber.java.PendingException();
}
" type="io.cucumber.testng.UndefinedStepException">
      <![CDATA[io.cucumber.testng.UndefinedStepException: The step 'Launch the browser' and 6 other step(s) are undefined.
You can implement these steps using the snippet(s) below:

@Given("Launch the browser")
public void launch_the_browser() {
    // Write code here that turns the phrase above into concrete actions
    throw new io.cucumber.java.PendingException();
}
@Given("User need to enter the Application Url")
public void user_need_to_enter_the_application_url() {
    // Write code here that turns the phrase above into concrete actions
    throw new io.cucumber.java.PendingException();
}
@When("User Enter username and Password")
public void user_enter_username_and_password() {
    // Write code here that turns the phrase above into concrete actions
    throw new io.cucumber.java.PendingException();
}
@Then("User Click on login button")
public void user_click_on_login_button() {
    // Write code here that turns the phrase above into concrete actions
    throw new io.cucumber.java.PendingException();
}
@Then("redirect to Bookkeeping module")
public void redirect_to_bookkeeping_module() {
    // Write code here that turns the phrase above into concrete actions
    throw new io.cucumber.java.PendingException();
}
@Given("Click on product")
public void click_on_product() {
    // Write code here that turns the phrase above into concrete actions
    throw new io.cucumber.java.PendingException();
}
@Given("Click on inventory and validate")
public void click_on_inventory_and_validate() {
    // Write code here that turns the phrase above into concrete actions
    throw new io.cucumber.java.PendingException();
}

at ✽.Launch the browser(file:///D:/Bookkeeping_5.0/Bookkeeping_5.0/Bookkeeping_5.0/src/test/resources/Feature_CapiumPurchase/BK_Inventory.feature:4)
]]>
    </error>
  </testcase> <!-- runScenario -->
  <testcase classname="com.Capium.TestRunFiles.Bookkepping_Inventory_runnerfile" name="runScenario" time="0.039">
    <error message="The step &#039;Launch the browser&#039; and 6 other step(s) are undefined.
You can implement these steps using the snippet(s) below:

@Given(&quot;Launch the browser&quot;)
public void launch_the_browser() {
    // Write code here that turns the phrase above into concrete actions
    throw new io.cucumber.java.PendingException();
}
@Given(&quot;User need to enter the Application Url&quot;)
public void user_need_to_enter_the_application_url() {
    // Write code here that turns the phrase above into concrete actions
    throw new io.cucumber.java.PendingException();
}
@When(&quot;User Enter username and Password&quot;)
public void user_enter_username_and_password() {
    // Write code here that turns the phrase above into concrete actions
    throw new io.cucumber.java.PendingException();
}
@Then(&quot;User Click on login button&quot;)
public void user_click_on_login_button() {
    // Write code here that turns the phrase above into concrete actions
    throw new io.cucumber.java.PendingException();
}
@Then(&quot;redirect to Bookkeeping module&quot;)
public void redirect_to_bookkeeping_module() {
    // Write code here that turns the phrase above into concrete actions
    throw new io.cucumber.java.PendingException();
}
@Given(&quot;Click on inventory and validate&quot;)
public void click_on_inventory_and_validate() {
    // Write code here that turns the phrase above into concrete actions
    throw new io.cucumber.java.PendingException();
}
@Given(&quot;Click on from and to date&quot;)
public void click_on_from_and_to_date() {
    // Write code here that turns the phrase above into concrete actions
    throw new io.cucumber.java.PendingException();
}
" type="io.cucumber.testng.UndefinedStepException">
      <![CDATA[io.cucumber.testng.UndefinedStepException: The step 'Launch the browser' and 6 other step(s) are undefined.
You can implement these steps using the snippet(s) below:

@Given("Launch the browser")
public void launch_the_browser() {
    // Write code here that turns the phrase above into concrete actions
    throw new io.cucumber.java.PendingException();
}
@Given("User need to enter the Application Url")
public void user_need_to_enter_the_application_url() {
    // Write code here that turns the phrase above into concrete actions
    throw new io.cucumber.java.PendingException();
}
@When("User Enter username and Password")
public void user_enter_username_and_password() {
    // Write code here that turns the phrase above into concrete actions
    throw new io.cucumber.java.PendingException();
}
@Then("User Click on login button")
public void user_click_on_login_button() {
    // Write code here that turns the phrase above into concrete actions
    throw new io.cucumber.java.PendingException();
}
@Then("redirect to Bookkeeping module")
public void redirect_to_bookkeeping_module() {
    // Write code here that turns the phrase above into concrete actions
    throw new io.cucumber.java.PendingException();
}
@Given("Click on inventory and validate")
public void click_on_inventory_and_validate() {
    // Write code here that turns the phrase above into concrete actions
    throw new io.cucumber.java.PendingException();
}
@Given("Click on from and to date")
public void click_on_from_and_to_date() {
    // Write code here that turns the phrase above into concrete actions
    throw new io.cucumber.java.PendingException();
}

at ✽.Launch the browser(file:///D:/Bookkeeping_5.0/Bookkeeping_5.0/Bookkeeping_5.0/src/test/resources/Feature_CapiumPurchase/BK_Inventory.feature:4)
]]>
    </error>
  </testcase> <!-- runScenario -->
</testsuite> <!-- com.Capium.TestRunFiles.Bookkepping_Inventory_runnerfile -->
